d:\users\0\desktop\c++\deep dive open\deep dive open\deep dive open\x64\debug\vc142.pdb
d:\users\0\desktop\c++\deep dive open\deep dive open\deep dive open\x64\debug\vc142.idb
d:\users\0\desktop\c++\deep dive open\deep dive open\deep dive open\x64\debug\input.obj
d:\users\0\desktop\c++\deep dive open\deep dive open\deep dive open\x64\debug\indexbuffer.obj
d:\users\0\desktop\c++\deep dive open\deep dive open\deep dive open\x64\debug\guifunctions.obj
d:\users\0\desktop\c++\deep dive open\deep dive open\deep dive open\x64\debug\gui.obj
d:\users\0\desktop\c++\deep dive open\deep dive open\deep dive open\x64\debug\graphics.obj
d:\users\0\desktop\c++\deep dive open\deep dive open\deep dive open\x64\debug\gamewindow.obj
d:\users\0\desktop\c++\deep dive open\deep dive open\deep dive open\x64\debug\game.obj
d:\users\0\desktop\c++\deep dive open\deep dive open\deep dive open\x64\debug\stb_image.obj
d:\users\0\desktop\c++\deep dive open\deep dive open\deep dive open\x64\debug\event.obj
d:\users\0\desktop\c++\deep dive open\deep dive open\deep dive open\x64\debug\controls.obj
d:\users\0\desktop\c++\deep dive open\deep dive open\deep dive open\x64\debug\chunk.obj
d:\users\0\desktop\c++\deep dive open\deep dive open\deep dive open\x64\debug\camera.obj
d:\users\0\desktop\c++\deep dive open\deep dive open\deep dive open\x64\debug\block.obj
d:\users\0\desktop\c++\deep dive open\deep dive open\deep dive open\x64\debug\batch.obj
d:\users\0\desktop\c++\deep dive open\deep dive open\deep dive open\x64\debug\atomicrecyclingpool.obj
d:\users\0\desktop\c++\deep dive open\deep dive open\deep dive open\x64\debug\app.obj
d:\users\0\desktop\c++\deep dive open\deep dive open\deep dive open\x64\debug\nn.obj
d:\users\0\desktop\c++\deep dive open\deep dive open\deep dive open\x64\debug\genetic.obj
d:\users\0\desktop\c++\deep dive open\deep dive open\deep dive open\x64\debug\aigameex1.obj
d:\users\0\desktop\c++\deep dive open\deep dive open\deep dive open\x64\debug\aiapi.obj
d:\users\0\desktop\c++\deep dive open\deep dive open\deep dive open\x64\debug\entity.obj
d:\users\0\desktop\c++\deep dive open\deep dive open\deep dive open\x64\debug\vertexbufferlayout.obj
d:\users\0\desktop\c++\deep dive open\deep dive open\deep dive open\x64\debug\vertexbuffer.obj
d:\users\0\desktop\c++\deep dive open\deep dive open\deep dive open\x64\debug\vertexarray.obj
d:\users\0\desktop\c++\deep dive open\deep dive open\deep dive open\x64\debug\vec.obj
d:\users\0\desktop\c++\deep dive open\deep dive open\deep dive open\x64\debug\utilities.obj
d:\users\0\desktop\c++\deep dive open\deep dive open\deep dive open\x64\debug\timer.obj
d:\users\0\desktop\c++\deep dive open\deep dive open\deep dive open\x64\debug\time.obj
d:\users\0\desktop\c++\deep dive open\deep dive open\deep dive open\x64\debug\tickfunctions.obj
d:\users\0\desktop\c++\deep dive open\deep dive open\deep dive open\x64\debug\threadpool.obj
d:\users\0\desktop\c++\deep dive open\deep dive open\deep dive open\x64\debug\texture.obj
d:\users\0\desktop\c++\deep dive open\deep dive open\deep dive open\x64\debug\shader.obj
d:\users\0\desktop\c++\deep dive open\deep dive open\deep dive open\x64\debug\renderer.obj
d:\users\0\desktop\c++\deep dive open\deep dive open\deep dive open\x64\debug\recyclingpool.obj
d:\users\0\desktop\c++\deep dive open\deep dive open\deep dive open\x64\debug\quaternion.obj
d:\users\0\desktop\c++\deep dive open\deep dive open\deep dive open\x64\debug\noise.obj
d:\users\0\desktop\c++\deep dive open\deep dive open\deep dive open\x64\debug\model.obj
d:\users\0\desktop\c++\deep dive open\deep dive open\deep dive open\x64\debug\logger.obj
d:\users\0\desktop\c++\deep dive open\deep dive open\deep dive open\x64\debug\listener.obj
d:\users\0\desktop\c++\deep dive open\deep dive open\deep dive open\x64\debug\inputfunctions.obj
d:\users\0\desktop\c++\deep dive open\deep dive open\deep dive open\x64\debug\worldgen.obj
d:\users\0\desktop\c++\deep dive open\deep dive open\deep dive open\x64\debug\world.obj
d:\users\0\desktop\c++\deep dive open\deep dive open\x64\debug\deep dive open.exe
d:\users\0\desktop\c++\deep dive open\deep dive open\deep dive open\x64\debug\deep dive open.ilk
d:\users\0\desktop\c++\deep dive open\deep dive open\x64\debug\deep dive open.pdb
d:\users\0\desktop\c++\deep dive open\deep dive open\deep dive open\x64\debug\deep dive open.tlog\cl.command.1.tlog
d:\users\0\desktop\c++\deep dive open\deep dive open\deep dive open\x64\debug\deep dive open.tlog\cl.read.1.tlog
d:\users\0\desktop\c++\deep dive open\deep dive open\deep dive open\x64\debug\deep dive open.tlog\cl.write.1.tlog
d:\users\0\desktop\c++\deep dive open\deep dive open\deep dive open\x64\debug\deep dive open.tlog\link.command.1.tlog
d:\users\0\desktop\c++\deep dive open\deep dive open\deep dive open\x64\debug\deep dive open.tlog\link.read.1.tlog
d:\users\0\desktop\c++\deep dive open\deep dive open\deep dive open\x64\debug\deep dive open.tlog\link.write.1.tlog
